This is pdfTeX, Version 3.141592653-2.6-1.40.27 (MiKTeX 25.4) (preloaded format=pdflatex 2025.9.26)  4 DEC 2025 17:20
entering extended mode
 restricted \write18 enabled.
 file:line:error style messages enabled.
 %&-line parsing enabled.
**c:/Users/andre/Desktop/2CS_DAM/Digitalizacion-Afundmiento/docker_api/Documentacion/documentacion_docker.tex
(c:/Users/andre/Desktop/2CS_DAM/Digitalizacion-Afundmiento/docker_api/Documentacion/documentacion_docker.tex
LaTeX2e <2025-06-01> patch level 1
L3 programming layer <2025-09-02>
(C:\Users\andre\AppData\Local\Programs\MiKTeX\tex/latex/base\article.cls
Document Class: article 2025/01/22 v1.4n Standard LaTeX document class
(C:\Users\andre\AppData\Local\Programs\MiKTeX\tex/latex/base\size12.clo
File: size12.clo 2025/01/22 v1.4n Standard LaTeX file (size option)
)
\c@part=\count275
\c@section=\count276
\c@subsection=\count277
\c@subsubsection=\count278
\c@paragraph=\count279
\c@subparagraph=\count280
\c@figure=\count281
\c@table=\count282
\abovecaptionskip=\skip49
\belowcaptionskip=\skip50
\bibindent=\dimen148
) (C:\Users\andre\AppData\Local\Programs\MiKTeX\tex/latex/base\inputenc.sty
Package: inputenc 2024/02/08 v1.3d Input encoding file
\inpenc@prehook=\toks17
\inpenc@posthook=\toks18
) (C:\Users\andre\AppData\Local\Programs\MiKTeX\tex/latex/base\fontenc.sty
Package: fontenc 2024/12/21 v2.1c Standard LaTeX package
) (C:\Users\andre\AppData\Local\Programs\MiKTeX\tex/latex/graphics\graphicx.sty
Package: graphicx 2024/12/31 v1.2e Enhanced LaTeX Graphics (DPC,SPQR)
 (C:\Users\andre\AppData\Local\Programs\MiKTeX\tex/latex/graphics\keyval.sty
Package: keyval 2022/05/29 v1.15 key=value parser (DPC)
\KV@toks@=\toks19
) (C:\Users\andre\AppData\Local\Programs\MiKTeX\tex/latex/graphics\graphics.sty
Package: graphics 2024/08/06 v1.4g Standard LaTeX Graphics (DPC,SPQR)
 (C:\Users\andre\AppData\Local\Programs\MiKTeX\tex/latex/graphics\trig.sty
Package: trig 2023/12/02 v1.11 sin cos tan (DPC)
) (C:\Users\andre\AppData\Local\Programs\MiKTeX\tex/latex/graphics-cfg\graphics.cfg
File: graphics.cfg 2016/06/04 v1.11 sample graphics configuration
)
Package graphics Info: Driver file: pdftex.def on input line 106.
 (C:\Users\andre\AppData\Local\Programs\MiKTeX\tex/latex/graphics-def\pdftex.def
File: pdftex.def 2024/04/13 v1.2c Graphics/color driver for pdftex
))
\Gin@req@height=\dimen149
\Gin@req@width=\dimen150
) (C:\Users\andre\AppData\Local\Programs\MiKTeX\tex/latex/geometry\geometry.sty
Package: geometry 2020/01/02 v5.9 Page Geometry
 (C:\Users\andre\AppData\Local\Programs\MiKTeX\tex/generic/iftex\ifvtex.sty
Package: ifvtex 2019/10/25 v1.7 ifvtex legacy package. Use iftex instead.
 (C:\Users\andre\AppData\Local\Programs\MiKTeX\tex/generic/iftex\iftex.sty
Package: iftex 2024/12/12 v1.0g TeX engine tests
))
\Gm@cnth=\count283
\Gm@cntv=\count284
\c@Gm@tempcnt=\count285
\Gm@bindingoffset=\dimen151
\Gm@wd@mp=\dimen152
\Gm@odd@mp=\dimen153
\Gm@even@mp=\dimen154
\Gm@layoutwidth=\dimen155
\Gm@layoutheight=\dimen156
\Gm@layouthoffset=\dimen157
\Gm@layoutvoffset=\dimen158
\Gm@dimlist=\toks20
 (C:\Users\andre\AppData\Local\Programs\MiKTeX\tex/latex/geometry\geometry.cfg)) (C:\Users\andre\AppData\Local\Programs\MiKTeX\tex/latex/titling\titling.sty
Package: titling 2009/09/04 v2.1d maketitle typesetting
\thanksmarkwidth=\skip51
\thanksmargin=\skip52
\droptitle=\skip53
) (C:\Users\andre\AppData\Local\Programs\MiKTeX\tex/latex/hyperref\hyperref.sty
Package: hyperref 2025-07-12 v7.01o Hypertext links for LaTeX
 (C:\Users\andre\AppData\Local\Programs\MiKTeX\tex/latex/kvsetkeys\kvsetkeys.sty
Package: kvsetkeys 2022-10-05 v1.19 Key value parser (HO)
) (C:\Users\andre\AppData\Local\Programs\MiKTeX\tex/generic/kvdefinekeys\kvdefinekeys.sty
Package: kvdefinekeys 2019-12-19 v1.6 Define keys (HO)
) (C:\Users\andre\AppData\Local\Programs\MiKTeX\tex/generic/pdfescape\pdfescape.sty
Package: pdfescape 2019/12/09 v1.15 Implements pdfTeX's escape features (HO)
 (C:\Users\andre\AppData\Local\Programs\MiKTeX\tex/generic/ltxcmds\ltxcmds.sty
Package: ltxcmds 2023-12-04 v1.26 LaTeX kernel commands for general use (HO)
) (C:\Users\andre\AppData\Local\Programs\MiKTeX\tex/generic/pdftexcmds\pdftexcmds.sty
Package: pdftexcmds 2020-06-27 v0.33 Utility functions of pdfTeX for LuaTeX (HO)
 (C:\Users\andre\AppData\Local\Programs\MiKTeX\tex/generic/infwarerr\infwarerr.sty
Package: infwarerr 2019/12/03 v1.5 Providing info/warning/error messages (HO)
)
Package pdftexcmds Info: \pdf@primitive is available.
Package pdftexcmds Info: \pdf@ifprimitive is available.
Package pdftexcmds Info: \pdfdraftmode found.
)) (C:\Users\andre\AppData\Local\Programs\MiKTeX\tex/latex/hycolor\hycolor.sty
Package: hycolor 2020-01-27 v1.10 Color options for hyperref/bookmark (HO)
) (C:\Users\andre\AppData\Local\Programs\MiKTeX\tex/latex/hyperref\nameref.sty
Package: nameref 2025-06-21 v2.57 Cross-referencing by name of section
 (C:\Users\andre\AppData\Local\Programs\MiKTeX\tex/latex/refcount\refcount.sty
Package: refcount 2019/12/15 v3.6 Data extraction from label references (HO)
) (C:\Users\andre\AppData\Local\Programs\MiKTeX\tex/generic/gettitlestring\gettitlestring.sty
Package: gettitlestring 2019/12/15 v1.6 Cleanup title references (HO)
 (C:\Users\andre\AppData\Local\Programs\MiKTeX\tex/latex/kvoptions\kvoptions.sty
Package: kvoptions 2022-06-15 v3.15 Key value format for package options (HO)
))
\c@section@level=\count286
) (C:\Users\andre\AppData\Local\Programs\MiKTeX\tex/latex/etoolbox\etoolbox.sty
Package: etoolbox 2025/02/11 v2.5l e-TeX tools for LaTeX (JAW)
\etb@tempcnta=\count287
) (C:\Users\andre\AppData\Local\Programs\MiKTeX\tex/generic/stringenc\stringenc.sty
Package: stringenc 2019/11/29 v1.12 Convert strings between diff. encodings (HO)
)
\@linkdim=\dimen159
\Hy@linkcounter=\count288
\Hy@pagecounter=\count289
 (C:\Users\andre\AppData\Local\Programs\MiKTeX\tex/latex/hyperref\pd1enc.def
File: pd1enc.def 2025-07-12 v7.01o Hyperref: PDFDocEncoding definition (HO)
Now handling font encoding PD1 ...
... no UTF-8 mapping file for font encoding PD1
) (C:\Users\andre\AppData\Local\Programs\MiKTeX\tex/generic/intcalc\intcalc.sty
Package: intcalc 2019/12/15 v1.3 Expandable calculations with integers (HO)
)
\Hy@SavedSpaceFactor=\count290
 (C:\Users\andre\AppData\Local\Programs\MiKTeX\tex/latex/hyperref\puenc.def
File: puenc.def 2025-07-12 v7.01o Hyperref: PDF Unicode definition (HO)
Now handling font encoding PU ...
... no UTF-8 mapping file for font encoding PU
)
Package hyperref Info: Hyper figures OFF on input line 4195.
Package hyperref Info: Link nesting OFF on input line 4200.
Package hyperref Info: Hyper index ON on input line 4203.
Package hyperref Info: Plain pages OFF on input line 4210.
Package hyperref Info: Backreferencing OFF on input line 4215.
Package hyperref Info: Implicit mode ON; LaTeX internals redefined.
Package hyperref Info: Bookmarks ON on input line 4462.
\c@Hy@tempcnt=\count291
 (C:\Users\andre\AppData\Local\Programs\MiKTeX\tex/latex/url\url.sty
\Urlmuskip=\muskip17
Package: url 2013/09/16  ver 3.4  Verb mode for urls, etc.
)
LaTeX Info: Redefining \url on input line 4801.
\XeTeXLinkMargin=\dimen160
 (C:\Users\andre\AppData\Local\Programs\MiKTeX\tex/generic/bitset\bitset.sty
Package: bitset 2019/12/09 v1.3 Handle bit-vector datatype (HO)
 (C:\Users\andre\AppData\Local\Programs\MiKTeX\tex/generic/bigintcalc\bigintcalc.sty
Package: bigintcalc 2019/12/15 v1.5 Expandable calculations on big integers (HO)
))
\Fld@menulength=\count292
\Field@Width=\dimen161
\Fld@charsize=\dimen162
Package hyperref Info: Hyper figures OFF on input line 6078.
Package hyperref Info: Link nesting OFF on input line 6083.
Package hyperref Info: Hyper index ON on input line 6086.
Package hyperref Info: backreferencing OFF on input line 6093.
Package hyperref Info: Link coloring OFF on input line 6098.
Package hyperref Info: Link coloring with OCG OFF on input line 6103.
Package hyperref Info: PDF/A mode OFF on input line 6108.
\Hy@abspage=\count293
\c@Item=\count294
\c@Hfootnote=\count295
)
Package hyperref Info: Driver (autodetected): hpdftex.
 (C:\Users\andre\AppData\Local\Programs\MiKTeX\tex/latex/hyperref\hpdftex.def
File: hpdftex.def 2025-07-12 v7.01o Hyperref driver for pdfTeX
\Fld@listcount=\count296
\c@bookmark@seq@number=\count297
 (C:\Users\andre\AppData\Local\Programs\MiKTeX\tex/latex/rerunfilecheck\rerunfilecheck.sty
Package: rerunfilecheck 2025-06-21 v1.11 Rerun checks for auxiliary files (HO)
 (C:\Users\andre\AppData\Local\Programs\MiKTeX\tex/generic/uniquecounter\uniquecounter.sty
Package: uniquecounter 2019/12/15 v1.4 Provide unlimited unique counter (HO)
)
Package uniquecounter Info: New unique counter `rerunfilecheck' on input line 284.
)
\Hy@SectionHShift=\skip54
) (C:\Users\andre\AppData\Local\Programs\MiKTeX\tex/latex/tools\array.sty
Package: array 2025/06/08 v2.6j Tabular extension package (FMi)
\col@sep=\dimen163
\ar@mcellbox=\box53
\extrarowheight=\dimen164
\NC@list=\toks21
\extratabsurround=\skip55
\backup@length=\skip56
\ar@cellbox=\box54
) (C:\Users\andre\AppData\Local\Programs\MiKTeX\tex/latex/parskip\parskip.sty
Package: parskip 2021-03-14 v2.0h non-zero parskip adjustments
) (C:\Users\andre\AppData\Local\Programs\MiKTeX\tex/latex/booktabs\booktabs.sty
Package: booktabs 2020/01/12 v1.61803398 Publication quality tables
\heavyrulewidth=\dimen165
\lightrulewidth=\dimen166
\cmidrulewidth=\dimen167
\belowrulesep=\dimen168
\belowbottomsep=\dimen169
\aboverulesep=\dimen170
\abovetopsep=\dimen171
\cmidrulesep=\dimen172
\cmidrulekern=\dimen173
\defaultaddspace=\dimen174
\@cmidla=\count298
\@cmidlb=\count299
\@aboverulesep=\dimen175
\@belowrulesep=\dimen176
\@thisruleclass=\count300
\@lastruleclass=\count301
\@thisrulewidth=\dimen177
) (C:\Users\andre\AppData\Local\Programs\MiKTeX\tex/latex/listings\listings.sty
\lst@mode=\count302
\lst@gtempboxa=\box55
\lst@token=\toks22
\lst@length=\count303
\lst@currlwidth=\dimen178
\lst@column=\count304
\lst@pos=\count305
\lst@lostspace=\dimen179
\lst@width=\dimen180
\lst@newlines=\count306
\lst@lineno=\count307
\lst@maxwidth=\dimen181
 (C:\Users\andre\AppData\Local\Programs\MiKTeX\tex/latex/listings\lstpatch.sty
File: lstpatch.sty 2024/09/23 1.10c (Carsten Heinz)
) (C:\Users\andre\AppData\Local\Programs\MiKTeX\tex/latex/listings\lstmisc.sty
File: lstmisc.sty 2024/09/23 1.10c (Carsten Heinz)
\c@lstnumber=\count308
\lst@skipnumbers=\count309
\lst@framebox=\box56
) (C:\Users\andre\AppData\Local\Programs\MiKTeX\tex/latex/listings\listings.cfg
File: listings.cfg 2024/09/23 1.10c listings configuration
))
Package: listings 2024/09/23 1.10c (Carsten Heinz)
 (C:\Users\andre\AppData\Local\Programs\MiKTeX\tex/latex/xcolor\xcolor.sty
Package: xcolor 2024/09/29 v3.02 LaTeX color extensions (UK)
 (C:\Users\andre\AppData\Local\Programs\MiKTeX\tex/latex/graphics-cfg\color.cfg
File: color.cfg 2016/01/02 v1.6 sample color configuration
)
Package xcolor Info: Driver file: pdftex.def on input line 274.
 (C:\Users\andre\AppData\Local\Programs\MiKTeX\tex/latex/graphics\mathcolor.ltx)
Package xcolor Info: Model `cmy' substituted by `cmy0' on input line 1349.
Package xcolor Info: Model `hsb' substituted by `rgb' on input line 1353.
Package xcolor Info: Model `RGB' extended on input line 1365.
Package xcolor Info: Model `HTML' substituted by `rgb' on input line 1367.
Package xcolor Info: Model `Hsb' substituted by `hsb' on input line 1368.
Package xcolor Info: Model `tHsb' substituted by `hsb' on input line 1369.
Package xcolor Info: Model `HSB' substituted by `hsb' on input line 1370.
Package xcolor Info: Model `Gray' substituted by `gray' on input line 1371.
Package xcolor Info: Model `wave' substituted by `hsb' on input line 1372.
) (C:\Users\andre\AppData\Local\Programs\MiKTeX\tex/latex/minted\minted.sty
Package: minted 2025/05/14 v3.7.0 Yet another Pygments shim for LaTeX
 (C:\Users\andre\AppData\Local\Programs\MiKTeX\tex/generic/catchfile\catchfile.sty
Package: catchfile 2019/12/09 v1.8 Catch the contents of a file (HO)
 (C:\Users\andre\AppData\Local\Programs\MiKTeX\tex/generic/etexcmds\etexcmds.sty
Package: etexcmds 2019/12/15 v1.7 Avoid name clashes with e-TeX commands (HO)
)) (C:\Users\andre\AppData\Local\Programs\MiKTeX\tex/latex/fvextra\fvextra.sty
Package: fvextra 2025/05/29 v1.13.2 fvextra - extensions and patches for fancyvrb
 (C:\Users\andre\AppData\Local\Programs\MiKTeX\tex/latex/fancyvrb\fancyvrb.sty
Package: fancyvrb 2025/07/28 4.6 verbatim text (tvz,hv)
\FV@CodeLineNo=\count310
\FV@InFile=\read2
\FV@TabBox=\box57
\c@FancyVerbLine=\count311
\FV@StepNumber=\count312
\FV@OutFile=\write3
) (C:\Users\andre\AppData\Local\Programs\MiKTeX\tex/latex/upquote\upquote.sty
Package: upquote 2012/04/19 v1.3 upright-quote and grave-accent glyphs in verbatim
 (C:\Users\andre\AppData\Local\Programs\MiKTeX\tex/latex/base\textcomp.sty
Package: textcomp 2024/04/24 v2.1b Standard LaTeX package
)) (C:\Users\andre\AppData\Local\Programs\MiKTeX\tex/latex/lineno\lineno.sty
Package: lineno 2025/05/13 line numbers on paragraphs v5.5
\linenopenalty=\count313
\output=\toks23
\linenoprevgraf=\count314
\linenumbersep=\dimen182
\linenumberwidth=\dimen183
\c@linenumber=\count315
\c@pagewiselinenumber=\count316
\c@LN@truepage=\count317
\c@internallinenumber=\count318
\c@internallinenumbers=\count319
\quotelinenumbersep=\dimen184
\bframerule=\dimen185
\bframesep=\dimen186
\bframebox=\box58
)
\c@FancyVerbWriteLine=\count320
\c@FancyVerbBufferLine=\count321
\c@FV@TrueTabGroupLevel=\count322
\c@FV@TrueTabCounter=\count323
\FV@TabBox@Group=\box59
\FV@bgcolorstructbox=\box60
\FV@TmpLength=\skip57
\c@FV@HighlightLinesStart=\count324
\c@FV@HighlightLinesStop=\count325
\FV@LoopCount=\count326
\FV@NCharsBox=\box61
\FV@BreakIndent=\dimen187
\FV@BreakIndentNChars=\count327
\FV@BreakSymbolSepLeft=\dimen188
\FV@BreakSymbolSepLeftNChars=\count328
\FV@BreakSymbolSepRight=\dimen189
\FV@BreakSymbolSepRightNChars=\count329
\FV@BreakSymbolIndentLeft=\dimen190
\FV@BreakSymbolIndentLeftNChars=\count330
\FV@BreakSymbolIndentRight=\dimen191
\FV@BreakSymbolIndentRightNChars=\count331
\c@FancyVerbLineBreakLast=\count332
\FV@LineBox=\box62
\FV@LineIndentBox=\box63
\c@FV@BreakBufferDepth=\count333
\FV@LineWidth=\dimen192
) (C:\Users\andre\AppData\Local\Programs\MiKTeX\tex/latex/latex2pydata\latex2pydata.sty
Package: latex2pydata 2025/03/26 v0.6.0 latex2pydata - write data to file in Python literal format
) (C:\Users\andre\AppData\Local\Programs\MiKTeX\tex/latex/pgf/utilities\pgfkeys.sty (C:\Users\andre\AppData\Local\Programs\MiKTeX\tex/generic/pgf/utilities\pgfkeys.code.tex
\pgfkeys@pathtoks=\toks24
\pgfkeys@temptoks=\toks25
 (C:\Users\andre\AppData\Local\Programs\MiKTeX\tex/generic/pgf/utilities\pgfkeyslibraryfiltered.code.tex
\pgfkeys@tmptoks=\toks26
))) (C:\Users\andre\AppData\Local\Programs\MiKTeX\tex/latex/pgfopts\pgfopts.sty
Package: pgfopts 2014/07/10 v2.1a LaTeX package options with pgfkeys
\pgfopts@list@add@a@toks=\toks27
\pgfopts@list@add@b@toks=\toks28
) (C:\Users\andre\AppData\Local\Programs\MiKTeX\tex/latex/tools\shellesc.sty
Package: shellesc 2023/07/08 v1.0d unified shell escape interface for LaTeX
Package shellesc Info: Restricted shell escape enabled on input line 77.
) (C:\Users\andre\AppData\Local\Programs\MiKTeX\tex/latex/float\float.sty
Package: float 2001/11/08 v1.3d Float enhancements (AL)
\c@float@type=\count334
\float@exts=\toks29
\float@box=\box64
\@float@everytoks=\toks30
\@floatcapt=\box65
)
\c@minted@FancyVerbLineTemp=\count335
\@float@every@listing=\toks31
\c@listing=\count336
) (C:\Users\andre\AppData\Local\Programs\MiKTeX\tex/latex/enumitem\enumitem.sty
Package: enumitem 2025/02/06 v3.11 Customized lists
\labelindent=\skip58
\enit@outerparindent=\dimen193
\enit@toks=\toks32
\enit@inbox=\box66
\enit@count@id=\count337
\enitdp@description=\count338
) (C:\Users\andre\AppData\Local\Programs\MiKTeX\tex/latex/biblatex\biblatex.sty
Package: biblatex 2025/07/10 v3.21 programmable bibliographies (PK/MW)
 (C:\Users\andre\AppData\Local\Programs\MiKTeX\tex/latex/logreq\logreq.sty
Package: logreq 2010/08/04 v1.0 xml request logger
\lrq@indent=\count339
 (C:\Users\andre\AppData\Local\Programs\MiKTeX\tex/latex/logreq\logreq.def
File: logreq.def 2010/08/04 v1.0 logreq spec v1.0
)) (C:\Users\andre\AppData\Local\Programs\MiKTeX\tex/latex/base\ifthen.sty
Package: ifthen 2024/03/16 v1.1e Standard LaTeX ifthen package (DPC)
)
\c@tabx@nest=\count340
\c@listtotal=\count341
\c@listcount=\count342
\c@liststart=\count343
\c@liststop=\count344
\c@citecount=\count345
\c@citetotal=\count346
\c@multicitecount=\count347
\c@multicitetotal=\count348
\c@instcount=\count349
\c@maxnames=\count350
\c@minnames=\count351
\c@maxitems=\count352
\c@minitems=\count353
\c@citecounter=\count354
\c@maxcitecounter=\count355
\c@savedcitecounter=\count356
\c@uniquelist=\count357
\c@uniquename=\count358
\c@refsection=\count359
\c@refsegment=\count360
\c@maxextratitle=\count361
\c@maxextratitleyear=\count362
\c@maxextraname=\count363
\c@maxextradate=\count364
\c@maxextraalpha=\count365
\c@abbrvpenalty=\count366
\c@highnamepenalty=\count367
\c@lownamepenalty=\count368
\c@maxparens=\count369
\c@parenlevel=\count370
\blx@tempcnta=\count371
\blx@tempcntb=\count372
\blx@tempcntc=\count373
\c@blx@maxsection=\count374
\blx@maxsegment@0=\count375
\blx@notetype=\count376
\blx@parenlevel@text=\count377
\blx@parenlevel@foot=\count378
\blx@sectionciteorder@0=\count379
\blx@sectionciteorderinternal@0=\count380
\blx@entrysetcounter=\count381
\blx@biblioinstance=\count382
\labelnumberwidth=\skip59
\labelalphawidth=\skip60
\biblabelsep=\skip61
\bibitemsep=\skip62
\bibnamesep=\skip63
\bibinitsep=\skip64
\bibparsep=\skip65
\bibhang=\skip66
\blx@bcfin=\read3
\blx@bcfout=\write4
\blx@langwohyphens=\language79
\c@mincomprange=\count383
\c@maxcomprange=\count384
\c@mincompwidth=\count385
Package biblatex Info: Trying to load biblatex default data model...
Package biblatex Info: ... file 'blx-dm.def' found.
 (C:\Users\andre\AppData\Local\Programs\MiKTeX\tex/latex/biblatex\blx-dm.def
File: blx-dm.def 2025/07/10 v3.21 biblatex datamodel (PK/MW)
)
Package biblatex Info: Trying to load biblatex style data model...
Package biblatex Info: ... file 'numeric.dbx' not found.
Package biblatex Info: Trying to load biblatex custom data model...
Package biblatex Info: ... file 'biblatex-dm.cfg' not found.
\c@afterword=\count386
\c@savedafterword=\count387
\c@annotator=\count388
\c@savedannotator=\count389
\c@author=\count390
\c@savedauthor=\count391
\c@bookauthor=\count392
\c@savedbookauthor=\count393
\c@commentator=\count394
\c@savedcommentator=\count395
\c@editor=\count396
\c@savededitor=\count397
\c@editora=\count398
\c@savededitora=\count399
\c@editorb=\count400
\c@savededitorb=\count401
\c@editorc=\count402
\c@savededitorc=\count403
\c@foreword=\count404
\c@savedforeword=\count405
\c@holder=\count406
\c@savedholder=\count407
\c@introduction=\count408
\c@savedintroduction=\count409
\c@namea=\count410
\c@savednamea=\count411
\c@nameb=\count412
\c@savednameb=\count413
\c@namec=\count414
\c@savednamec=\count415
\c@translator=\count416
\c@savedtranslator=\count417
\c@shortauthor=\count418
\c@savedshortauthor=\count419
\c@shorteditor=\count420
\c@savedshorteditor=\count421
\c@labelname=\count422
\c@savedlabelname=\count423
\c@institution=\count424
\c@savedinstitution=\count425
\c@lista=\count426
\c@savedlista=\count427
\c@listb=\count428
\c@savedlistb=\count429
\c@listc=\count430
\c@savedlistc=\count431
\c@listd=\count432
\c@savedlistd=\count433
\c@liste=\count434
\c@savedliste=\count435
\c@listf=\count436
\c@savedlistf=\count437
\c@location=\count438
\c@savedlocation=\count439
\c@organization=\count440
\c@savedorganization=\count441
\c@origlocation=\count442
\c@savedoriglocation=\count443
\c@origpublisher=\count444
\c@savedorigpublisher=\count445
\c@publisher=\count446
\c@savedpublisher=\count447
\c@language=\count448
\c@savedlanguage=\count449
\c@origlanguage=\count450
\c@savedoriglanguage=\count451
\c@pageref=\count452
\c@savedpageref=\count453
\shorthandwidth=\skip67
\shortjournalwidth=\skip68
\shortserieswidth=\skip69
\shorttitlewidth=\skip70
\shortauthorwidth=\skip71
\shorteditorwidth=\skip72
\locallabelnumberwidth=\skip73
\locallabelalphawidth=\skip74
\localshorthandwidth=\skip75
\localshortjournalwidth=\skip76
\localshortserieswidth=\skip77
\localshorttitlewidth=\skip78
\localshortauthorwidth=\skip79
\localshorteditorwidth=\skip80
Package biblatex Info: Trying to load compatibility code...
Package biblatex Info: ... file 'blx-compat.def' found.
 (C:\Users\andre\AppData\Local\Programs\MiKTeX\tex/latex/biblatex\blx-compat.def
File: blx-compat.def 2025/07/10 v3.21 biblatex compatibility (PK/MW)
)
Package biblatex Info: Trying to load generic definitions...
Package biblatex Info: ... file 'biblatex.def' found.
 (C:\Users\andre\AppData\Local\Programs\MiKTeX\tex/latex/biblatex\biblatex.def
File: biblatex.def 2025/07/10 v3.21 biblatex compatibility (PK/MW)
\c@textcitecount=\count454
\c@textcitetotal=\count455
\c@textcitemaxnames=\count456
\c@biburlbigbreakpenalty=\count457
\c@biburlbreakpenalty=\count458
\c@biburlnumpenalty=\count459
\c@biburlucpenalty=\count460
\c@biburllcpenalty=\count461
\biburlbigskip=\muskip18
\biburlnumskip=\muskip19
\biburlucskip=\muskip20
\biburllcskip=\muskip21
\c@smartand=\count462
)
Package biblatex Info: Trying to load bibliography style 'numeric'...
Package biblatex Info: ... file 'numeric.bbx' found.
 (C:\Users\andre\AppData\Local\Programs\MiKTeX\tex/latex/biblatex/bbx\numeric.bbx
File: numeric.bbx 2025/07/10 v3.21 biblatex bibliography style (PK/MW)
Package biblatex Info: Trying to load bibliography style 'standard'...
Package biblatex Info: ... file 'standard.bbx' found.
 (C:\Users\andre\AppData\Local\Programs\MiKTeX\tex/latex/biblatex/bbx\standard.bbx
File: standard.bbx 2025/07/10 v3.21 biblatex bibliography style (PK/MW)
\c@bbx:relatedcount=\count463
\c@bbx:relatedtotal=\count464
))
Package biblatex Info: Trying to load citation style 'numeric'...
Package biblatex Info: ... file 'numeric.cbx' found.
 (C:\Users\andre\AppData\Local\Programs\MiKTeX\tex/latex/biblatex/cbx\numeric.cbx
File: numeric.cbx 2025/07/10 v3.21 biblatex citation style (PK/MW)
Package biblatex Info: Redefining '\cite'.
Package biblatex Info: Redefining '\parencite'.
Package biblatex Info: Redefining '\footcite'.
Package biblatex Info: Redefining '\footcitetext'.
Package biblatex Info: Redefining '\smartcite'.
Package biblatex Info: Redefining '\supercite'.
Package biblatex Info: Redefining '\textcite'.
Package biblatex Info: Redefining '\textcites'.
Package biblatex Info: Redefining '\cites'.
Package biblatex Info: Redefining '\parencites'.
Package biblatex Info: Redefining '\smartcites'.
)
Package biblatex Info: Trying to load configuration file...
Package biblatex Info: ... file 'biblatex.cfg' found.
 (C:\Users\andre\AppData\Local\Programs\MiKTeX\tex/latex/biblatex\biblatex.cfg
File: biblatex.cfg 
)
Package biblatex Info: Input encoding 'utf8' detected.
Package biblatex Info: Document encoding is UTF8 ....
 (C:\Users\andre\AppData\Local\Programs\MiKTeX\tex/latex/l3kernel\expl3.sty
Package: expl3 2025-09-02 L3 programming layer (loader) 
 (C:\Users\andre\AppData\Local\Programs\MiKTeX\tex/latex/l3backend\l3backend-pdftex.def
File: l3backend-pdftex.def 2025-06-09 L3 backend support: PDF output (pdfTeX)
\l__color_backend_stack_int=\count465
))
Package biblatex Info: ... and expl3
(biblatex)             2025-09-02 L3 programming layer (loader) 
(biblatex)             is new enough (at least 2020/04/06),
(biblatex)             setting 'casechanger=expl3'.
 (C:\Users\andre\AppData\Local\Programs\MiKTeX\tex/latex/biblatex\blx-case-expl3.sty (C:\Users\andre\AppData\Local\Programs\MiKTeX\tex/latex/l3packages/xparse\xparse.sty
Package: xparse 2024-08-16 L3 Experimental document command parser
)
Package: blx-case-expl3 2025/07/10 v3.21 expl3 case changing code for biblatex
))
\@quotelevel=\count466
\@quotereset=\count467
 (documentacion_docker.aux)
\openout1 = `documentacion_docker.aux'.

LaTeX Font Info:    Checking defaults for OML/cmm/m/it on input line 43.
LaTeX Font Info:    ... okay on input line 43.
LaTeX Font Info:    Checking defaults for OMS/cmsy/m/n on input line 43.
LaTeX Font Info:    ... okay on input line 43.
LaTeX Font Info:    Checking defaults for OT1/cmr/m/n on input line 43.
LaTeX Font Info:    ... okay on input line 43.
LaTeX Font Info:    Checking defaults for T1/cmr/m/n on input line 43.
LaTeX Font Info:    ... okay on input line 43.
LaTeX Font Info:    Checking defaults for TS1/cmr/m/n on input line 43.
LaTeX Font Info:    ... okay on input line 43.
LaTeX Font Info:    Checking defaults for OMX/cmex/m/n on input line 43.
LaTeX Font Info:    ... okay on input line 43.
LaTeX Font Info:    Checking defaults for U/cmr/m/n on input line 43.
LaTeX Font Info:    ... okay on input line 43.
LaTeX Font Info:    Checking defaults for PD1/pdf/m/n on input line 43.
LaTeX Font Info:    ... okay on input line 43.
LaTeX Font Info:    Checking defaults for PU/pdf/m/n on input line 43.
LaTeX Font Info:    ... okay on input line 43.
 (C:\Users\andre\AppData\Local\Programs\MiKTeX\tex/context/base/mkii\supp-pdf.mkii
[Loading MPS to PDF converter (version 2006.09.02).]
\scratchcounter=\count468
\scratchdimen=\dimen194
\scratchbox=\box67
\nofMPsegments=\count469
\nofMParguments=\count470
\everyMPshowfont=\toks33
\MPscratchCnt=\count471
\MPscratchDim=\dimen195
\MPnumerator=\count472
\makeMPintoPDFobject=\count473
\everyMPtoPDFconversion=\toks34
) (C:\Users\andre\AppData\Local\Programs\MiKTeX\tex/latex/epstopdf-pkg\epstopdf-base.sty
Package: epstopdf-base 2020-01-24 v2.11 Base part for package epstopdf
Package epstopdf-base Info: Redefining graphics rule for `.eps' on input line 485.
 (C:\Users\andre\AppData\Local\Programs\MiKTeX\tex/latex/00miktex\epstopdf-sys.cfg
File: epstopdf-sys.cfg 2021/03/18 v2.0 Configuration of epstopdf for MiKTeX
))
*geometry* driver: auto-detecting
*geometry* detected driver: pdftex
*geometry* verbose mode - [ preamble ] result:
* driver: pdftex
* paper: a4paper
* layout: <same size as paper>
* layoutoffset:(h,v)=(0.0pt,0.0pt)
* modes: 
* h-part:(L,W,R)=(71.13188pt, 455.24411pt, 71.13188pt)
* v-part:(T,H,B)=(71.13188pt, 702.78308pt, 71.13188pt)
* \paperwidth=597.50787pt
* \paperheight=845.04684pt
* \textwidth=455.24411pt
* \textheight=702.78308pt
* \oddsidemargin=-1.1381pt
* \evensidemargin=-1.1381pt
* \topmargin=-38.1381pt
* \headheight=12.0pt
* \headsep=25.0pt
* \topskip=12.0pt
* \footskip=30.0pt
* \marginparwidth=35.0pt
* \marginparsep=10.0pt
* \columnsep=10.0pt
* \skip\footins=10.8pt plus 4.0pt minus 2.0pt
* \hoffset=0.0pt
* \voffset=0.0pt
* \mag=1000
* \@twocolumnfalse
* \@twosidefalse
* \@mparswitchfalse
* \@reversemarginfalse
* (1in=72.27pt=25.4mm, 1cm=28.453pt)

Package hyperref Info: Link coloring OFF on input line 43.
(documentacion_docker.out) (documentacion_docker.out)
\@outlinefile=\write5
\openout5 = `documentacion_docker.out'.

\c@lstlisting=\count474
Package biblatex Info: Trying to load language 'english'...
Package biblatex Info: ... file 'english.lbx' found.
 (C:\Users\andre\AppData\Local\Programs\MiKTeX\tex/latex/biblatex/lbx\english.lbx
File: english.lbx 2025/07/10 v3.21 biblatex localization (PK/MW)
)
Package biblatex Info: Input encoding 'utf8' detected.
Package biblatex Info: Automatic encoding selection.
(biblatex)             Assuming data encoding 'utf8'.
\openout4 = `documentacion_docker.bcf'.

Package biblatex Info: Trying to load bibliographic data...
Package biblatex Info: ... file 'documentacion_docker.bbl' not found.

No file documentacion_docker.bbl.
Package biblatex Info: Reference section=0 on input line 43.
Package biblatex Info: Reference segment=0 on input line 43.
LaTeX Font Info:    External font `cmex10' loaded for size
(Font)              <14.4> on input line 46.
LaTeX Font Info:    External font `cmex10' loaded for size
(Font)              <7> on input line 46.


[1

{C:/Users/andre/AppData/Local/MiKTeX/fonts/map/pdftex/pdftex.map}]

[2]
<images/Dockercarpetas.png, id=49, 221.32687pt x 217.5628pt>
File: images/Dockercarpetas.png Graphic file (type png)
<use images/Dockercarpetas.png>
Package pdftex.def Info: images/Dockercarpetas.png  used on input line 70.
(pdftex.def)             Requested size: 221.32631pt x 217.56227pt.
 (C:\Users\andre\AppData\Local\Programs\MiKTeX\tex/latex/listings\lstlang1.sty
File: lstlang1.sty 2024/09/23 1.10c listings language file
)
Overfull \hbox (0.5987pt too wide) in paragraph at lines 106--107
[]\T1/cmr/m/n/12 Archivo ru-tas.js, está com-puesto por los End-Points (GET,POST). GET para obtener
 []



[3 <./images/Dockercarpetas.png>]

[4]
Overfull \hbox (0.35126pt too wide) in paragraph at lines 192--193
[]\T1/cmr/m/n/12 Archivo docker-compose.yml con-tiene unos ser-vi-cios definidos, ser-vi-cio "api"(nuestra
 []



[5]
<images/docker3.png, id=201, 808.52063pt x 109.1578pt>
File: images/docker3.png Graphic file (type png)
<use images/docker3.png>
Package pdftex.def Info: images/docker3.png  used on input line 230.
(pdftex.def)             Requested size: 421.49414pt x 56.9055pt.
<images/docker1.png, id=202, 789.70032pt x 577.40718pt>
File: images/docker1.png Graphic file (type png)
<use images/docker1.png>
Package pdftex.def Info: images/docker1.png  used on input line 271.
(pdftex.def)             Requested size: 466.97954pt x 341.43306pt.

Overfull \hbox (11.73543pt too wide) in paragraph at lines 271--272
 [] 
 []



[6 <./images/docker3.png>]
<images/docker2.png, id=229, 892.83563pt x 66.2475pt>
File: images/docker2.png Graphic file (type png)
<use images/docker2.png>
Package pdftex.def Info: images/docker2.png  used on input line 276.
(pdftex.def)             Requested size: 498.5132pt x 36.98866pt.

Overfull \hbox (43.26909pt too wide) in paragraph at lines 276--277
 [] 
 []



[7 <./images/docker1.png> <./images/docker2.png>]
<images/docker5.png, id=237, 1444.64719pt x 467.49657pt>
File: images/docker5.png Graphic file (type png)
<use images/docker5.png>
Package pdftex.def Info: images/docker5.png  used on input line 285.
(pdftex.def)             Requested size: 483.59058pt x 156.49014pt.

Overfull \hbox (28.34647pt too wide) in paragraph at lines 285--286
 [] 
 []

<images/docker6.png, id=238, 1444.64719pt x 593.96906pt>
File: images/docker6.png Graphic file (type png)
<use images/docker6.png>
Package pdftex.def Info: images/docker6.png  used on input line 296.
(pdftex.def)             Requested size: 484.42824pt x 199.16928pt.

Overfull \hbox (29.18413pt too wide) in paragraph at lines 296--297
 [] 
 []



[8 <./images/docker5.png> <./images/docker6.png>]
Overfull \hbox (19.3761pt too wide) in paragraph at lines 308--309
[]\T1/cmr/m/n/12 Variables de en-torno que se al-ma-ce-nan en GitHub Se-crets, que nece-sitare-mos "DOCKER
 []



[9]
<images/docker8.png, id=292, 796.47563pt x 527.72156pt>
File: images/docker8.png Graphic file (type png)
<use images/docker8.png>
Package pdftex.def Info: images/docker8.png  used on input line 370.
(pdftex.def)             Requested size: 386.48466pt x 256.0748pt.
<images/docker9.png, id=293, 1263.97218pt x 446.41782pt>
File: images/docker9.png Graphic file (type png)
<use images/docker9.png>
Package pdftex.def Info: images/docker9.png  used on input line 378.
(pdftex.def)             Requested size: 402.80142pt x 142.26378pt.


[10 <./images/docker8.png>]
<images/docker10.png, id=308, 1053.1847pt x 632.3625pt>
File: images/docker10.png Graphic file (type png)
<use images/docker10.png>
Package pdftex.def Info: images/docker10.png  used on input line 384.
(pdftex.def)             Requested size: 426.48926pt x 256.0748pt.
<images/docker11.png, id=309, 921.4425pt x 422.32782pt>
File: images/docker11.png Graphic file (type png)
<use images/docker11.png>
Package pdftex.def Info: images/docker11.png  used on input line 390.
(pdftex.def)             Requested size: 434.55435pt x 199.16928pt.


[11 <./images/docker9.png> <./images/docker10.png> <./images/docker11.png>]
Overfull \hbox (2.00807pt too wide) in paragraph at lines 397--398
\T1/cmr/m/n/12 hrefhttps://api.telegram.org/bot<miToken>/getUpdates nos sale un JSON y obten-
 []

<images/fototelegram3png.png, id=317, 922.19531pt x 388.45125pt>
File: images/fototelegram3png.png Graphic file (type png)
<use images/fototelegram3png.png>
Package pdftex.def Info: images/fototelegram3png.png  used on input line 399.
(pdftex.def)             Requested size: 405.28876pt x 170.71652pt.
<images/fotogithub.png, id=318, 643.6547pt x 79.04532pt>
File: images/fotogithub.png Graphic file (type png)
<use images/fotogithub.png>
Package pdftex.def Info: images/fotogithub.png  used on input line 403.
(pdftex.def)             Requested size: 347.5389pt x 42.67912pt.

Overfull \hbox (9.13133pt too wide) in paragraph at lines 405--407
[]\T1/cmr/m/n/12 Luego creamos un nuevo archivo .yml en nues-tra car-peta work-flows lla-mado "telegram-
 []



[12 <./images/fototelegram3png.png> <./images/fotogithub.png>]
<images/fotogithub2.png, id=345, 600.74437pt x 280.79906pt>
File: images/fotogithub2.png Graphic file (type png)
<use images/fotogithub2.png>
Package pdftex.def Info: images/fotogithub2.png  used on input line 435.
(pdftex.def)             Requested size: 365.23438pt x 170.71652pt.
<images/fototelegram.jpg, id=346, 1174.3875pt x 310.15875pt>
File: images/fototelegram.jpg Graphic file (type jpg)
<use images/fototelegram.jpg>
Package pdftex.def Info: images/fototelegram.jpg  used on input line 439.
(pdftex.def)             Requested size: 430.93263pt x 113.81102pt.

Overfull \hbox (5.06322pt too wide) in paragraph at lines 439--440
 [] 
 []



[13 <./images/fotogithub2.png> <./images/fototelegram.jpg>]
runsystem(latexminted cleantemp  --timestamp 20251204172035 8A732138F89E7B27C6BBA3441674B53A)...disabled (restricted).

 (documentacion_docker.aux)
 ***********
LaTeX2e <2025-06-01> patch level 1
L3 programming layer <2025-09-02>
 ***********
Package rerunfilecheck Info: File `documentacion_docker.out' has not changed.
(rerunfilecheck)             Checksum: 6D94D1786FA7593FF1F1E88D96098201;1116.
Package logreq Info: Writing requests to 'documentacion_docker.run.xml'.
\openout1 = `documentacion_docker.run.xml'.

 ) 
Here is how much of TeX's memory you used:
 23944 strings out of 468130
 459054 string characters out of 5430633
 1661230 words of memory out of 5000000
 52080 multiletter control sequences out of 15000+600000
 635449 words of font info for 56 fonts, out of 8000000 for 9000
 1141 hyphenation exceptions out of 8191
 75i,6n,81p,792b,2173s stack positions out of 10000i,1000n,20000p,200000b,200000s
 <C:\Users\andre\AppData\Local\MiKTeX\fonts/pk/ljfour/jknappen/ec/dpi600\ecbx1440.pk> <C:\Users\andre\AppData\Local\MiKTeX\fonts/pk/ljfour/jknappen/ec/dpi600\tctt1000.pk> <C:\Users\andre\AppData\Local\MiKTeX\fonts/pk/ljfour/jknappen/ec/dpi600\ectt1000.pk> <C:\Users\andre\AppData\Local\MiKTeX\fonts/pk/ljfour/jknappen/ec/dpi600\ecrm0600.pk> <C:\Users\andre\AppData\Local\MiKTeX\fonts/pk/ljfour/jknappen/ec/dpi600\tcrm1200.pk> <C:\Users\andre\AppData\Local\MiKTeX\fonts/pk/ljfour/jknappen/ec/dpi600\ecrm1200.pk> <C:\Users\andre\AppData\Local\MiKTeX\fonts/pk/ljfour/jknappen/ec/dpi600\ecbx1728.pk> <C:\Users\andre\AppData\Local\MiKTeX\fonts/pk/ljfour/jknappen/ec/dpi600\ecrm1440.pk> <C:\Users\andre\AppData\Local\MiKTeX\fonts/pk/ljfour/jknappen/ec/dpi600\ecrm2074.pk>
Output written on documentacion_docker.pdf (13 pages, 892720 bytes).
PDF statistics:
 695 PDF objects out of 1000 (max. 8388607)
 252 named destinations out of 1000 (max. 500000)
 127 words of extra memory for PDF output out of 10000 (max. 10000000)

